# JRE version: Java(TM) SE Runtime Environment (17.0.9+11) (build 17.0.9+11-LTS-201)
# Java VM: Java HotSpot(TM) 64-Bit Server VM (17.0.9+11-LTS-201, mixed mode, sharing, tiered, compressed oops, compressed class ptrs, g1 gc, windows-amd64)
GC Precious Log:
 CPUs: 4 total, 4 available
 Memory: 16258M
 Large Page Support: Disabled
 NUMA Support: Disabled
 Compressed Oops: Enabled (Zero based)
 Heap Region Size: 2M
 Heap Min Capacity: 8M
 Heap Initial Capacity: 256M
 Heap Max Capacity: 4066M
 Pre-touch: Disabled
 Parallel Workers: 4
 Concurrent Workers: 1
 Concurrent Refinement Workers: 4
 Periodic GC: Disabled
Heap:
 garbage-first heap   total 120832K, used 83071K [0x0000000701e00000, 0x0000000800000000)
  region size 2048K, 9 young (18432K), 2 survivors (4096K)
 Metaspace       used 54042K, committed 54336K, reserved 1114112K
  class space    used 6051K, committed 6208K, reserved 1048576K
GC Heap History (20 events):
Event: 3.514 GC heap before
{Heap before GC invocations=9 (full 0):
 garbage-first heap   total 100352K, used 39728K [0x0000000701e00000, 0x0000000800000000)
  region size 2048K, 9 young (18432K), 2 survivors (4096K)
 Metaspace       used 35982K, committed 36160K, reserved 1114112K
  class space    used 4356K, committed 4480K, reserved 1048576K
}
Event: 3.522 GC heap after
{Heap after GC invocations=10 (full 0):
 garbage-first heap   total 100352K, used 28595K [0x0000000701e00000, 0x0000000800000000)
  region size 2048K, 3 young (6144K), 3 survivors (6144K)
 Metaspace       used 35982K, committed 36160K, reserved 1114112K
  class space    used 4356K, committed 4480K, reserved 1048576K
}
Event: 4.797 GC heap before
{Heap before GC invocations=11 (full 0):
 garbage-first heap   total 100352K, used 71603K [0x0000000701e00000, 0x0000000800000000)
  region size 2048K, 24 young (49152K), 3 survivors (6144K)
 Metaspace       used 39798K, committed 40000K, reserved 1114112K
  class space    used 4689K, committed 4800K, reserved 1048576K
}
Event: 4.817 GC heap after
{Heap after GC invocations=12 (full 0):
 garbage-first heap   total 100352K, used 36653K [0x0000000701e00000, 0x0000000800000000)
  region size 2048K, 3 young (6144K), 3 survivors (6144K)
 Metaspace       used 39798K, committed 40000K, reserved 1114112K
  class space    used 4689K, committed 4800K, reserved 1048576K
}
Event: 6.677 GC heap before
{Heap before GC invocations=12 (full 0):
 garbage-first heap   total 100352K, used 73517K [0x0000000701e00000, 0x0000000800000000)
  region size 2048K, 21 young (43008K), 3 survivors (6144K)
 Metaspace       used 40377K, committed 40640K, reserved 1114112K
  class space    used 4725K, committed 4864K, reserved 1048576K
}
Event: 6.696 GC heap after
{Heap after GC invocations=13 (full 0):
 garbage-first heap   total 100352K, used 43473K [0x0000000701e00000, 0x0000000800000000)
  region size 2048K, 3 young (6144K), 3 survivors (6144K)
 Metaspace       used 40377K, committed 40640K, reserved 1114112K
  class space    used 4725K, committed 4864K, reserved 1048576K
}
Event: 7.265 GC heap before
{Heap before GC invocations=13 (full 0):
 garbage-first heap   total 100352K, used 74193K [0x0000000701e00000, 0x0000000800000000)
  region size 2048K, 18 young (36864K), 3 survivors (6144K)
 Metaspace       used 42740K, committed 43008K, reserved 1114112K
  class space    used 4991K, committed 5120K, reserved 1048576K
}
Event: 7.278 GC heap after
{Heap after GC invocations=14 (full 0):
 garbage-first heap   total 100352K, used 45896K [0x0000000701e00000, 0x0000000800000000)
  region size 2048K, 1 young (2048K), 1 survivors (2048K)
 Metaspace       used 42740K, committed 43008K, reserved 1114112K
  class space    used 4991K, committed 5120K, reserved 1048576K
}
Event: 8.811 GC heap before
{Heap before GC invocations=14 (full 0):
 garbage-first heap   total 100352K, used 76616K [0x0000000701e00000, 0x0000000800000000)
  region size 2048K, 16 young (32768K), 1 survivors (2048K)
 Metaspace       used 46147K, committed 46464K, reserved 1114112K
  class space    used 5340K, committed 5504K, reserved 1048576K
}
Event: 8.823 GC heap after
{Heap after GC invocations=15 (full 0):
 garbage-first heap   total 120832K, used 50335K [0x0000000701e00000, 0x0000000800000000)
  region size 2048K, 2 young (4096K), 2 survivors (4096K)
 Metaspace       used 46147K, committed 46464K, reserved 1114112K
  class space    used 5340K, committed 5504K, reserved 1048576K
}
Event: 10.438 GC heap before
{Heap before GC invocations=15 (full 0):
 garbage-first heap   total 120832K, used 91295K [0x0000000701e00000, 0x0000000800000000)
  region size 2048K, 22 young (45056K), 2 survivors (4096K)
 Metaspace       used 50818K, committed 51072K, reserved 1114112K
  class space    used 5889K, committed 6016K, reserved 1048576K
}
Event: 10.453 GC heap after
{Heap after GC invocations=16 (full 0):
 garbage-first heap   total 120832K, used 55519K [0x0000000701e00000, 0x0000000800000000)
  region size 2048K, 3 young (6144K), 3 survivors (6144K)
 Metaspace       used 50818K, committed 51072K, reserved 1114112K
  class space    used 5889K, committed 6016K, reserved 1048576K
}
Event: 12.321 GC heap before
{Heap before GC invocations=16 (full 0):
 garbage-first heap   total 120832K, used 92383K [0x0000000701e00000, 0x0000000800000000)
  region size 2048K, 21 young (43008K), 3 survivors (6144K)
 Metaspace       used 52328K, committed 52544K, reserved 1114112K
  class space    used 5965K, committed 6080K, reserved 1048576K
}
Event: 12.339 GC heap after
{Heap after GC invocations=17 (full 0):
 garbage-first heap   total 120832K, used 60687K [0x0000000701e00000, 0x0000000800000000)
  region size 2048K, 3 young (6144K), 3 survivors (6144K)
 Metaspace       used 52328K, committed 52544K, reserved 1114112K
  class space    used 5965K, committed 6080K, reserved 1048576K
}
Event: 14.304 GC heap before
{Heap before GC invocations=17 (full 0):
 garbage-first heap   total 120832K, used 93455K [0x0000000701e00000, 0x0000000800000000)
  region size 2048K, 19 young (38912K), 3 survivors (6144K)
 Metaspace       used 53384K, committed 53632K, reserved 1114112K
  class space    used 6032K, committed 6144K, reserved 1048576K
}
Event: 14.320 GC heap after
{Heap after GC invocations=18 (full 0):
 garbage-first heap   total 120832K, used 64096K [0x0000000701e00000, 0x0000000800000000)
  region size 2048K, 2 young (4096K), 2 survivors (4096K)
 Metaspace       used 53384K, committed 53632K, reserved 1114112K
  class space    used 6032K, committed 6144K, reserved 1048576K
}
Event: 15.782 GC heap before
{Heap before GC invocations=19 (full 0):
 garbage-first heap   total 120832K, used 80480K [0x0000000701e00000, 0x0000000800000000)
  region size 2048K, 11 young (22528K), 2 survivors (4096K)
 Metaspace       used 53545K, committed 53888K, reserved 1114112K
  class space    used 6036K, committed 6208K, reserved 1048576K
}
Event: 15.792 GC heap after
{Heap after GC invocations=20 (full 0):
 garbage-first heap   total 120832K, used 65706K [0x0000000701e00000, 0x0000000800000000)
  region size 2048K, 1 young (2048K), 1 survivors (2048K)
 Metaspace       used 53545K, committed 53888K, reserved 1114112K
  class space    used 6036K, committed 6208K, reserved 1048576K
}
Event: 17.511 GC heap before
{Heap before GC invocations=21 (full 0):
 garbage-first heap   total 120832K, used 98474K [0x0000000701e00000, 0x0000000800000000)
  region size 2048K, 16 young (32768K), 1 survivors (2048K)
 Metaspace       used 53961K, committed 54272K, reserved 1114112K
  class space    used 6048K, committed 6208K, reserved 1048576K
}
Event: 17.521 GC heap after
{Heap after GC invocations=22 (full 0):
 garbage-first heap   total 120832K, used 70783K [0x0000000701e00000, 0x0000000800000000)
  region size 2048K, 2 young (4096K), 2 survivors (4096K)
 Metaspace       used 53961K, committed 54272K, reserved 1114112K
  class space    used 6048K, committed 6208K, reserved 1048576K
}

